<?xml version="1.0" encoding="UTF-8"?>
<!-- Generated by org.testng.reporters.JUnitReportReporter -->
<testsuite hostname="PNR1221" failures="0" tests="2" name="TestCases.TC_02_ValidLogin" time="39.433" errors="0" timestamp="2024-04-14T18:30:17 IST" skipped="0">
  <testcase classname="TestCases.TC_02_ValidLogin" name="testValidEmailLoginCredentials" time="19.594"/>
  <testcase classname="TestCases.TC_02_ValidLogin" name="testValidMobileLogin" time="19.839"/>
</testsuite> <!-- TestCases.TC_02_ValidLogin -->
