<?xml version="1.0" encoding="UTF-8"?>
<!-- Generated by org.testng.reporters.JUnitReportReporter -->
<testsuite hostname="PNR1221" failures="0" tests="1" name="TestCases.TC_04_OnewayFlightSearch" time="21.097" errors="0" timestamp="2024-04-14T18:30:17 IST" skipped="0">
  <testcase classname="TestCases.TC_04_OnewayFlightSearch" name="onewaySearchFlight" time="21.097"/>
</testsuite> <!-- TestCases.TC_04_OnewayFlightSearch -->
