<?xml version="1.0" encoding="UTF-8"?>
<!-- Generated by org.testng.reporters.JUnitReportReporter -->
<testsuite hostname="PNR1221" failures="0" tests="1" name="TestCases.TC_06_FlightSelection" time="21.699" errors="0" timestamp="2024-04-14T18:30:17 IST" skipped="0">
  <testcase classname="TestCases.TC_06_FlightSelection" name="testFlightSelection" time="21.699"/>
</testsuite> <!-- TestCases.TC_06_FlightSelection -->
