<?xml version="1.0" encoding="UTF-8"?>
<!-- Generated by org.testng.reporters.JUnitReportReporter -->
<testsuite hostname="PNR1221" failures="0" tests="4" name="TestCases.TC_03_InvalidLoginAttempts" time="71.648" errors="0" timestamp="2024-04-14T18:30:17 IST" skipped="0">
  <testcase classname="TestCases.TC_03_InvalidLoginAttempts" name="testWithInvalidUsername" time="18.617"/>
  <testcase classname="TestCases.TC_03_InvalidLoginAttempts" name="testWithInvalidPassword" time="17.331"/>
  <testcase classname="TestCases.TC_03_InvalidLoginAttempts" name="testWithEmptyCredentials" time="17.513"/>
  <testcase classname="TestCases.TC_03_InvalidLoginAttempts" name="testInvalidMobileNumber" time="18.187"/>
</testsuite> <!-- TestCases.TC_03_InvalidLoginAttempts -->
