<?xml version="1.0" encoding="UTF-8"?>
<!-- Generated by org.testng.reporters.JUnitReportReporter -->
<testsuite hostname="PNR1221" failures="0" tests="1" name="TestCases.TC_08_ValidationFields" time="16.556" errors="0" timestamp="2024-04-14T18:30:17 IST" skipped="0">
  <testcase classname="TestCases.TC_08_ValidationFields" name="testValidation" time="16.556"/>
</testsuite> <!-- TestCases.TC_08_ValidationFields -->
