<?xml version="1.0" encoding="UTF-8"?>
<!-- Generated by org.testng.reporters.JUnitReportReporter -->
<testsuite hostname="PNR1221" failures="0" tests="1" name="TestCases.TC_07_FlightBookingWithPayment" time="61.100" errors="0" timestamp="2024-04-15T18:38:08 IST" skipped="0">
  <testcase classname="TestCases.TC_07_FlightBookingWithPayment" name="testFlightBooking" time="61.100"/>
</testsuite> <!-- TestCases.TC_07_FlightBookingWithPayment -->
