<?xml version="1.0" encoding="UTF-8"?>
<!-- Generated by org.testng.reporters.JUnitReportReporter -->
<testsuite hostname="PNR1221" failures="0" tests="1" name="TestCases.TC_04_OnewayFlightSearch" time="27.513" errors="0" timestamp="2024-04-15T18:38:08 IST" skipped="0">
  <testcase classname="TestCases.TC_04_OnewayFlightSearch" name="onewaySearchFlight" time="27.513"/>
</testsuite> <!-- TestCases.TC_04_OnewayFlightSearch -->
