<?xml version="1.0" encoding="UTF-8"?>
<!-- Generated by org.testng.reporters.JUnitReportReporter -->
<testsuite hostname="PNR1221" failures="0" tests="2" name="TestCases.TC_02_ValidLogin" time="59.947" errors="0" timestamp="2024-04-15T18:38:08 IST" skipped="0">
  <testcase classname="TestCases.TC_02_ValidLogin" name="testValidEmailLoginCredentials" time="27.217"/>
  <testcase classname="TestCases.TC_02_ValidLogin" name="testValidMobileLogin" time="32.730"/>
</testsuite> <!-- TestCases.TC_02_ValidLogin -->
