<?xml version="1.0" encoding="UTF-8"?>
<!-- Generated by org.testng.reporters.JUnitReportReporter -->
<testsuite hostname="PNR1221" failures="0" tests="4" name="TestCases.TC_03_InvalidLoginAttempts" time="88.383" errors="0" timestamp="2024-04-15T18:38:08 IST" skipped="0">
  <testcase classname="TestCases.TC_03_InvalidLoginAttempts" name="testWithInvalidUsername" time="20.267"/>
  <testcase classname="TestCases.TC_03_InvalidLoginAttempts" name="testWithInvalidPassword" time="26.860"/>
  <testcase classname="TestCases.TC_03_InvalidLoginAttempts" name="testWithEmptyCredentials" time="20.808"/>
  <testcase classname="TestCases.TC_03_InvalidLoginAttempts" name="testInvalidMobileNumber" time="20.448"/>
</testsuite> <!-- TestCases.TC_03_InvalidLoginAttempts -->
